<?xml version="1.0" encoding="utf-8" standalone="no"?>
<test-results xmlns:xsi="http://www.w3.org/2001/XMLSchema-instance" xsi:noNamespaceSchemaLocation="nunit_schema_2.5.xsd" name="Pester" total="1388" errors="0" failures="0" not-run="0" inconclusive="0" ignored="0" skipped="0" invalid="0" date="2018-11-28" time="19:06:12">
  <environment user="VssAdministrator" machine-name="factoryvm-az567" cwd="D:\a\1\s" user-domain="factoryvm-az567" platform="Microsoft Windows Server 2016 Datacenter|C:\Windows|\Device\Harddisk0\Partition2" nunit-version="2.5.8.0" os-version="10.0.14393" clr-version="4.0.30319.42000" />
  <culture-info current-culture="en-US" current-uiculture="en-US" />
  <test-suite type="TestFixture" name="Pester" executed="True" result="Success" success="True" time="25.1672" asserts="0" description="Pester">
    <results>
      <test-suite type="TestFixture" name="D:\a\1\s\tests\checks\AgentChecks.Tests.ps1" executed="True" result="Success" success="True" time="1.8784" asserts="0" description="D:\a\1\s\tests\checks\AgentChecks.Tests.ps1">
        <results>
          <test-suite type="TestFixture" name="Checking Agent.Tests.ps1 checks" executed="True" result="Success" success="True" time="1.8784" asserts="0" description="Checking Agent.Tests.ps1 checks">
            <results>
              <test-suite type="TestFixture" name="Checking Database Mail XPs" executed="True" result="Success" success="True" time="1.8784" asserts="0" description="Checking Database Mail XPs">
                <results>
                  <test-suite type="ParameterizedTest" name="Checking Agent.Tests.ps1 checks.Checking Database Mail XPs.Fails Check Correctly for Config &lt;spconfig&gt; and expected value &lt;expected&gt;" executed="True" result="Success" success="True" time="1.7443" asserts="0" description="Fails Check Correctly for Config &lt;spconfig&gt; and expected value &lt;expected&gt;">
                    <results>
                      <test-case description="Fails Check Correctly for Config 1 and expected value $false" name="Checking Agent.Tests.ps1 checks.Checking Database Mail XPs.Fails Check Correctly for Config 1 and expected value $false" time="1.6354" asserts="0" success="True" result="Success" executed="True" />
                      <test-case description="Fails Check Correctly for Config 0 and expected value $true" name="Checking Agent.Tests.ps1 checks.Checking Database Mail XPs.Fails Check Correctly for Config 0 and expected value $true" time="0.1089" asserts="0" success="True" result="Success" executed="True" />
                    </results>
                  </test-suite>
                  <test-suite type="ParameterizedTest" name="Checking Agent.Tests.ps1 checks.Checking Database Mail XPs.Passes Check Correctly for Config &lt;spconfig&gt; and expected value &lt;expected&gt;" executed="True" result="Success" success="True" time="0.0426" asserts="0" description="Passes Check Correctly for Config &lt;spconfig&gt; and expected value &lt;expected&gt;">
                    <results>
                      <test-case description="Passes Check Correctly for Config 0 and expected value $false" name="Checking Agent.Tests.ps1 checks.Checking Database Mail XPs.Passes Check Correctly for Config 0 and expected value $false" time="0.025" asserts="0" success="True" result="Success" executed="True" />
                      <test-case description="Passes Check Correctly for Config 1 and expected value $true" name="Checking Agent.Tests.ps1 checks.Checking Database Mail XPs.Passes Check Correctly for Config 1 and expected value $true" time="0.0176" asserts="0" success="True" result="Success" executed="True" />
                    </results>
                  </test-suite>
                  <test-case description="Should call the mocks" name="Checking Agent.Tests.ps1 checks.Checking Database Mail XPs.Should call the mocks" time="0.0915" asserts="0" success="True" result="Success" executed="True" />
                </results>
              </test-suite>
            </results>
          </test-suite>
        </results>
      </test-suite>
      <test-suite type="TestFixture" name="D:\a\1\s\tests\checks\DatabaseChecks.Tests.ps1" executed="True" result="Success" success="True" time="1.7881" asserts="0" description="D:\a\1\s\tests\checks\DatabaseChecks.Tests.ps1">
        <results>
          <test-suite type="TestFixture" name="Checking Database.Assertions.ps1 assertions" executed="True" result="Success" success="True" time="1.7881" asserts="0" description="Checking Database.Assertions.ps1 assertions">
            <results>
              <test-suite type="TestFixture" name="Testing Get-Database" executed="True" result="Success" success="True" time="0.2634" asserts="0" description="Testing Get-Database">
                <results>
                  <test-case description="Should have a Instance parameter" name="Checking Database.Assertions.ps1 assertions.Testing Get-Database.Should have a Instance parameter" time="0.1203" asserts="0" success="True" result="Success" executed="True" />
                  <test-case description="Should have a ExcludedDbs parameter" name="Checking Database.Assertions.ps1 assertions.Testing Get-Database.Should have a ExcludedDbs parameter" time="0.01" asserts="0" success="True" result="Success" executed="True" />
                  <test-case description="Should have a Requiredinfo parameter" name="Checking Database.Assertions.ps1 assertions.Testing Get-Database.Should have a Requiredinfo parameter" time="0.0104" asserts="0" success="True" result="Success" executed="True" />
                  <test-case description="Should have a Exclusions parameter" name="Checking Database.Assertions.ps1 assertions.Testing Get-Database.Should have a Exclusions parameter" time="0.0107" asserts="0" success="True" result="Success" executed="True" />
                  <test-case description="Should return the Database Names with the Requiredinfo switch parameter value Name" name="Checking Database.Assertions.ps1 assertions.Testing Get-Database.Should return the Database Names with the Requiredinfo switch parameter value Name" time="0.0617" asserts="0" success="True" result="Success" executed="True" />
                  <test-case description="Should Exclude Databases that are specified for the Name  Required Info" name="Checking Database.Assertions.ps1 assertions.Testing Get-Database.Should Exclude Databases that are specified for the Name  Required Info" time="0.017" asserts="0" success="True" result="Success" executed="True" />
                  <test-case description="Should Exclude none accessible databases if the NotAccessible value for Exclusions parameter is used" name="Checking Database.Assertions.ps1 assertions.Testing Get-Database.Should Exclude none accessible databases if the NotAccessible value for Exclusions parameter is used" time="0.02" asserts="0" success="True" result="Success" executed="True" />
                  <test-case description="Should call the Mocks" name="Checking Database.Assertions.ps1 assertions.Testing Get-Database.Should call the Mocks" time="0.0132" asserts="0" success="True" result="Success" executed="True" />
                </results>
              </test-suite>
              <test-suite type="TestFixture" name="Testing Assert-DatabaseMaxDop " executed="True" result="Success" success="True" time="0.1666" asserts="0" description="Testing Assert-DatabaseMaxDop ">
                <results>
                  <test-case description="Passes the test successfully" name="Checking Database.Assertions.ps1 assertions.Testing Assert-DatabaseMaxDop .Passes the test successfully" time="0.1353" asserts="0" success="True" result="Success" executed="True" />
                  <test-case description="Fails the test successfully" name="Checking Database.Assertions.ps1 assertions.Testing Assert-DatabaseMaxDop .Fails the test successfully" time="0.0203" asserts="0" success="True" result="Success" executed="True" />
                  <test-case description="Calls the Mocks successfully" name="Checking Database.Assertions.ps1 assertions.Testing Assert-DatabaseMaxDop .Calls the Mocks successfully" time="0.0109" asserts="0" success="True" result="Success" executed="True" />
                </results>
              </test-suite>
              <test-suite type="TestFixture" name="Testing Assert-DatabaseStatus " executed="True" result="Success" success="True" time="0.7588" asserts="0" description="Testing Assert-DatabaseStatus ">
                <results>
                  <test-case description="It Should Pass when all databases are ok" name="Checking Database.Assertions.ps1 assertions.Testing Assert-DatabaseStatus .It Should Pass when all databases are ok" time="0.0787" asserts="0" success="True" result="Success" executed="True" />
                  <test-case description="It Should Fail for a database that is readonly" name="Checking Database.Assertions.ps1 assertions.Testing Assert-DatabaseStatus .It Should Fail for a database that is readonly" time="0.1928" asserts="0" success="True" result="Success" executed="True" />
                  <test-case description="It Should Not Fail for a database that is readonly when it is excluded" name="Checking Database.Assertions.ps1 assertions.Testing Assert-DatabaseStatus .It Should Not Fail for a database that is readonly when it is excluded" time="0.0297" asserts="0" success="True" result="Success" executed="True" />
                  <test-case description="It Should Fail for a database that is offline" name="Checking Database.Assertions.ps1 assertions.Testing Assert-DatabaseStatus .It Should Fail for a database that is offline" time="0.1231" asserts="0" success="True" result="Success" executed="True" />
                  <test-case description="It Should Not Fail for a database that is offline when it is excluded" name="Checking Database.Assertions.ps1 assertions.Testing Assert-DatabaseStatus .It Should Not Fail for a database that is offline when it is excluded" time="0.0331" asserts="0" success="True" result="Success" executed="True" />
                  <test-case description="It Should Fail for a database that is restoring" name="Checking Database.Assertions.ps1 assertions.Testing Assert-DatabaseStatus .It Should Fail for a database that is restoring" time="0.0479" asserts="0" success="True" result="Success" executed="True" />
                  <test-case description="It Should Not Fail for a database that is restoring when it is excluded" name="Checking Database.Assertions.ps1 assertions.Testing Assert-DatabaseStatus .It Should Not Fail for a database that is restoring when it is excluded" time="0.0246" asserts="0" success="True" result="Success" executed="True" />
                  <test-case description="It Should Fail for a database that is Recovering" name="Checking Database.Assertions.ps1 assertions.Testing Assert-DatabaseStatus .It Should Fail for a database that is Recovering" time="0.0274" asserts="0" success="True" result="Success" executed="True" />
                  <test-case description="It Should Fail for a database that is Recovery pending" name="Checking Database.Assertions.ps1 assertions.Testing Assert-DatabaseStatus .It Should Fail for a database that is Recovery pending" time="0.0358" asserts="0" success="True" result="Success" executed="True" />
                  <test-case description="It Should Fail for a database that is AutoClosed" name="Checking Database.Assertions.ps1 assertions.Testing Assert-DatabaseStatus .It Should Fail for a database that is AutoClosed" time="0.0317" asserts="0" success="True" result="Success" executed="True" />
                  <test-case description="It Should Fail for a database that is EmergencyMode" name="Checking Database.Assertions.ps1 assertions.Testing Assert-DatabaseStatus .It Should Fail for a database that is EmergencyMode" time="0.0284" asserts="0" success="True" result="Success" executed="True" />
                  <test-case description="It Should Fail for a database that is Suspect" name="Checking Database.Assertions.ps1 assertions.Testing Assert-DatabaseStatus .It Should Fail for a database that is Suspect" time="0.0345" asserts="0" success="True" result="Success" executed="True" />
                  <test-case description="It Should Fail for a database that is Standby" name="Checking Database.Assertions.ps1 assertions.Testing Assert-DatabaseStatus .It Should Fail for a database that is Standby" time="0.0305" asserts="0" success="True" result="Success" executed="True" />
                  <test-case description="Should Not Fail for databases that are excluded" name="Checking Database.Assertions.ps1 assertions.Testing Assert-DatabaseStatus .Should Not Fail for databases that are excluded" time="0.0201" asserts="0" success="True" result="Success" executed="True" />
                  <test-case description="Should call the Mocks successfully" name="Checking Database.Assertions.ps1 assertions.Testing Assert-DatabaseStatus .Should call the Mocks successfully" time="0.0205" asserts="0" success="True" result="Success" executed="True" />
                </results>
              </test-suite>
              <test-suite type="TestFixture" name="Testing Assert-DatabaseDuplicateIndex" executed="True" result="Success" success="True" time="0.4601" asserts="0" description="Testing Assert-DatabaseDuplicateIndex">
                <results>
                  <test-case description="Should pass when there are no Duplicate Indexes" name="Checking Database.Assertions.ps1 assertions.Testing Assert-DatabaseDuplicateIndex.Should pass when there are no Duplicate Indexes" time="0.0606" asserts="0" success="True" result="Success" executed="True" />
                  <test-case description="Should fail for one duplicate index" name="Checking Database.Assertions.ps1 assertions.Testing Assert-DatabaseDuplicateIndex.Should fail for one duplicate index" time="0.0732" asserts="0" success="True" result="Success" executed="True" />
                  <test-case description="Should fail for more than one duplicate index" name="Checking Database.Assertions.ps1 assertions.Testing Assert-DatabaseDuplicateIndex.Should fail for more than one duplicate index" time="0.3263" asserts="0" success="True" result="Success" executed="True" />
                </results>
              </test-suite>
              <test-suite type="TestFixture" name="Testing Assert-DatabaseExists" executed="True" result="Success" success="True" time="0.1393" asserts="0" description="Testing Assert-DatabaseExists">
                <results>
                  <test-case description="Should have a Instance parameter" name="Checking Database.Assertions.ps1 assertions.Testing Assert-DatabaseExists.Should have a Instance parameter" time="0.0323" asserts="0" success="True" result="Success" executed="True" />
                  <test-case description="Should have a ExpectedDB parameter" name="Checking Database.Assertions.ps1 assertions.Testing Assert-DatabaseExists.Should have a ExpectedDB parameter" time="0.0099" asserts="0" success="True" result="Success" executed="True" />
                  <test-case description="Should Pass when the database exists" name="Checking Database.Assertions.ps1 assertions.Testing Assert-DatabaseExists.Should Pass when the database exists" time="0.0296" asserts="0" success="True" result="Success" executed="True" />
                  <test-case description="Should Pass when the database exists" name="Checking Database.Assertions.ps1 assertions.Testing Assert-DatabaseExists.Should Pass when the database exists" time="0.0125" asserts="0" success="True" result="Success" executed="True" />
                  <test-case description="Should Pass when the database exists" name="Checking Database.Assertions.ps1 assertions.Testing Assert-DatabaseExists.Should Pass when the database exists" time="0.0201" asserts="0" success="True" result="Success" executed="True" />
                  <test-case description="Should Pass when the database exists" name="Checking Database.Assertions.ps1 assertions.Testing Assert-DatabaseExists.Should Pass when the database exists" time="0.0118" asserts="0" success="True" result="Success" executed="True" />
                  <test-case description="Should Fail when the database does not exist" name="Checking Database.Assertions.ps1 assertions.Testing Assert-DatabaseExists.Should Fail when the database does not exist" time="0.023" asserts="0" success="True" result="Success" executed="True" />
                </results>
              </test-suite>
            </results>
          </test-suite>
        </results>
      </test-suite>
      <test-suite type="TestFixture" name="D:\a\1\s\tests\checks\InstanceChecks.Tests.ps1" executed="True" result="Success" success="True" time="1.8446" asserts="0" description="D:\a\1\s\tests\checks\InstanceChecks.Tests.ps1">
        <results>
          <test-suite type="TestFixture" name="Checking Instance.Tests.ps1 checks" executed="True" result="Success" success="True" time="1.8446" asserts="0" description="Checking Instance.Tests.ps1 checks">
            <results>
              <test-suite type="TestFixture" name="Checking Backup Compression" executed="True" result="Success" success="True" time="0.2014" asserts="0" description="Checking Backup Compression">
                <results>
                  <test-suite type="ParameterizedTest" name="Checking Instance.Tests.ps1 checks.Checking Backup Compression.Fails Check Correctly for Config &lt;spconfig&gt; and expected value &lt;expected&gt;" executed="True" result="Success" success="True" time="0.1234" asserts="0" description="Fails Check Correctly for Config &lt;spconfig&gt; and expected value &lt;expected&gt;">
                    <results>
                      <test-case description="Fails Check Correctly for Config 1 and expected value $false" name="Checking Instance.Tests.ps1 checks.Checking Backup Compression.Fails Check Correctly for Config 1 and expected value $false" time="0.0964" asserts="0" success="True" result="Success" executed="True" />
                      <test-case description="Fails Check Correctly for Config 0 and expected value $true" name="Checking Instance.Tests.ps1 checks.Checking Backup Compression.Fails Check Correctly for Config 0 and expected value $true" time="0.027" asserts="0" success="True" result="Success" executed="True" />
                    </results>
                  </test-suite>
                  <test-suite type="ParameterizedTest" name="Checking Instance.Tests.ps1 checks.Checking Backup Compression.Passes Check Correctly for Config &lt;spconfig&gt; and expected value &lt;expected&gt;" executed="True" result="Success" success="True" time="0.0667" asserts="0" description="Passes Check Correctly for Config &lt;spconfig&gt; and expected value &lt;expected&gt;">
                    <results>
                      <test-case description="Passes Check Correctly for Config 0 and expected value $false" name="Checking Instance.Tests.ps1 checks.Checking Backup Compression.Passes Check Correctly for Config 0 and expected value $false" time="0.0513" asserts="0" success="True" result="Success" executed="True" />
                      <test-case description="Passes Check Correctly for Config 1 and expected value $true" name="Checking Instance.Tests.ps1 checks.Checking Backup Compression.Passes Check Correctly for Config 1 and expected value $true" time="0.0154" asserts="0" success="True" result="Success" executed="True" />
                    </results>
                  </test-suite>
                  <test-case description="Should call the mocks" name="Checking Instance.Tests.ps1 checks.Checking Backup Compression.Should call the mocks" time="0.0113" asserts="0" success="True" result="Success" executed="True" />
                </results>
              </test-suite>
              <test-suite type="TestFixture" name="Checking Instance MaxDop" executed="True" result="Success" success="True" time="0.1723" asserts="0" description="Checking Instance MaxDop">
                <results>
                  <test-case description="Passes Check Correctly with the use recommended parameter set to true" name="Checking Instance.Tests.ps1 checks.Checking Instance MaxDop.Passes Check Correctly with the use recommended parameter set to true" time="0.0613" asserts="0" success="True" result="Success" executed="True" />
                  <test-case description="Fails Check Correctly with the use recommended parameter set to true" name="Checking Instance.Tests.ps1 checks.Checking Instance MaxDop.Fails Check Correctly with the use recommended parameter set to true" time="0.0444" asserts="0" success="True" result="Success" executed="True" />
                  <test-case description="Should call the mocks" name="Checking Instance.Tests.ps1 checks.Checking Instance MaxDop.Should call the mocks" time="0.0112" asserts="0" success="True" result="Success" executed="True" />
                  <test-suite type="ParameterizedTest" name="Checking Instance.Tests.ps1 checks.Checking Instance MaxDop.Passes Check Correctly with a specified value &lt;MaxDopValue&gt;" executed="True" result="Success" success="True" time="0.0163" asserts="0" description="Passes Check Correctly with a specified value &lt;MaxDopValue&gt;">
                    <results>
                      <test-case description="Passes Check Correctly with a specified value 5" name="Checking Instance.Tests.ps1 checks.Checking Instance MaxDop.Passes Check Correctly with a specified value 5" time="0.0163" asserts="0" success="True" result="Success" executed="True" />
                    </results>
                  </test-suite>
                  <test-suite type="ParameterizedTest" name="Checking Instance.Tests.ps1 checks.Checking Instance MaxDop.Fails Check Correctly with with a specified value &lt;MaxDopValue&gt;" executed="True" result="Success" success="True" time="0.039" asserts="0" description="Fails Check Correctly with with a specified value &lt;MaxDopValue&gt;">
                    <results>
                      <test-case description="Fails Check Correctly with with a specified value 5" name="Checking Instance.Tests.ps1 checks.Checking Instance MaxDop.Fails Check Correctly with with a specified value 5" time="0.0205" asserts="0" success="True" result="Success" executed="True" />
                      <test-case description="Fails Check Correctly with with a specified value 0" name="Checking Instance.Tests.ps1 checks.Checking Instance MaxDop.Fails Check Correctly with with a specified value 0" time="0.0185" asserts="0" success="True" result="Success" executed="True" />
                    </results>
                  </test-suite>
                </results>
              </test-suite>
              <test-suite type="TestFixture" name="Checking tempdb size" executed="True" result="Success" success="True" time="0.0962" asserts="0" description="Checking tempdb size">
                <results>
                  <test-case description="Should pass the test when all tempdb files are the same size" name="Checking Instance.Tests.ps1 checks.Checking tempdb size.Should pass the test when all tempdb files are the same size" time="0.0658" asserts="0" success="True" result="Success" executed="True" />
                  <test-case description="Should fail when all of the tempdb files are not the same size" name="Checking Instance.Tests.ps1 checks.Checking tempdb size.Should fail when all of the tempdb files are not the same size" time="0.0304" asserts="0" success="True" result="Success" executed="True" />
                </results>
              </test-suite>
              <test-suite type="TestFixture" name="Checking Supported Build" executed="True" result="Success" success="True" time="0.2422" asserts="0" description="Checking Supported Build">
                <results>
                  <test-suite type="ParameterizedTest" name="Checking Instance.Tests.ps1 checks.Checking Supported Build.Passed check correctly when the current build is not behind the BuildBehind value of &lt;BuildBehind&gt;" executed="True" result="Success" success="True" time="0.0903" asserts="0" description="Passed check correctly when the current build is not behind the BuildBehind value of &lt;BuildBehind&gt;">
                    <results>
                      <test-case description="Passed check correctly when the current build is not behind the BuildBehind value of 1SP" name="Checking Instance.Tests.ps1 checks.Checking Supported Build.Passed check correctly when the current build is not behind the BuildBehind value of 1SP" time="0.0764" asserts="0" success="True" result="Success" executed="True" />
                      <test-case description="Passed check correctly when the current build is not behind the BuildBehind value of 1CU" name="Checking Instance.Tests.ps1 checks.Checking Supported Build.Passed check correctly when the current build is not behind the BuildBehind value of 1CU" time="0.0139" asserts="0" success="True" result="Success" executed="True" />
                    </results>
                  </test-suite>
                  <test-suite type="ParameterizedTest" name="Checking Instance.Tests.ps1 checks.Checking Supported Build.Failed check correctly when the current build is behind the BuildBehind value of &lt;BuildBehind&gt;" executed="True" result="Success" success="True" time="0.0509" asserts="0" description="Failed check correctly when the current build is behind the BuildBehind value of &lt;BuildBehind&gt;">
                    <results>
                      <test-case description="Failed check correctly when the current build is behind the BuildBehind value of 1SP" name="Checking Instance.Tests.ps1 checks.Checking Supported Build.Failed check correctly when the current build is behind the BuildBehind value of 1SP" time="0.0315" asserts="0" success="True" result="Success" executed="True" />
                      <test-case description="Failed check correctly when the current build is behind the BuildBehind value of 1CU" name="Checking Instance.Tests.ps1 checks.Checking Supported Build.Failed check correctly when the current build is behind the BuildBehind value of 1CU" time="0.0193" asserts="0" success="True" result="Success" executed="True" />
                    </results>
                  </test-suite>
                  <test-suite type="ParameterizedTest" name="Checking Instance.Tests.ps1 checks.Checking Supported Build.Passed check correctly with a SupportedUntil date &gt; today" executed="True" result="Success" success="True" time="0.033" asserts="0" description="Passed check correctly with a SupportedUntil date &gt; today">
                    <results>
                      <test-case description="Passed check correctly with a SupportedUntil date &gt; today" name="Checking Instance.Tests.ps1 checks.Checking Supported Build.Passed check correctly with a SupportedUntil date &gt; today(11/28/2018 19:05:50)" time="0.033" asserts="0" success="True" result="Success" executed="True" />
                    </results>
                  </test-suite>
                  <test-suite type="ParameterizedTest" name="Checking Instance.Tests.ps1 checks.Checking Supported Build.Failed check correctly with a SupportedUntil date &lt; today" executed="True" result="Success" success="True" time="0.0247" asserts="0" description="Failed check correctly with a SupportedUntil date &lt; today">
                    <results>
                      <test-case description="Failed check correctly with a SupportedUntil date &lt; today" name="Checking Instance.Tests.ps1 checks.Checking Supported Build.Failed check correctly with a SupportedUntil date &lt; today(11/28/2018 19:05:50)" time="0.0247" asserts="0" success="True" result="Success" executed="True" />
                    </results>
                  </test-suite>
                  <test-suite type="ParameterizedTest" name="Checking Instance.Tests.ps1 checks.Checking Supported Build.Passed check correctly with the BuildWarning window &gt; today" executed="True" result="Success" success="True" time="0.013" asserts="0" description="Passed check correctly with the BuildWarning window &gt; today">
                    <results>
                      <test-case description="Passed check correctly with the BuildWarning window &gt; today" name="Checking Instance.Tests.ps1 checks.Checking Supported Build.Passed check correctly with the BuildWarning window &gt; today(11/28/2018 19:05:50,6)" time="0.013" asserts="0" success="True" result="Success" executed="True" />
                    </results>
                  </test-suite>
                  <test-suite type="ParameterizedTest" name="Checking Instance.Tests.ps1 checks.Checking Supported Build.Failed check correctly with the BuildWarning window &lt; today" executed="True" result="Success" success="True" time="0.0303" asserts="0" description="Failed check correctly with the BuildWarning window &lt; today">
                    <results>
                      <test-case description="Failed check correctly with the BuildWarning window &lt; today" name="Checking Instance.Tests.ps1 checks.Checking Supported Build.Failed check correctly with the BuildWarning window &lt; today(11/28/2018 19:05:50,6)" time="0.0303" asserts="0" success="True" result="Success" executed="True" />
                    </results>
                  </test-suite>
                </results>
              </test-suite>
              <test-suite type="TestFixture" name="Checking Trace Flags" executed="True" result="Success" success="True" time="0.3152" asserts="0" description="Checking Trace Flags">
                <results>
                  <test-case description="Should pass correctly when the trace flag exists and it is the only one" name="Checking Instance.Tests.ps1 checks.Checking Trace Flags.Should pass correctly when the trace flag exists and it is the only one" time="0.0652" asserts="0" success="True" result="Success" executed="True" />
                  <test-case description="Should fail correctly when the trace flag does not exist but there is a different trace flag" name="Checking Instance.Tests.ps1 checks.Checking Trace Flags.Should fail correctly when the trace flag does not exist but there is a different trace flag" time="0.0194" asserts="0" success="True" result="Success" executed="True" />
                  <test-case description="Should fail correctly when the trace flag does not exist and there is no trace flag" name="Checking Instance.Tests.ps1 checks.Checking Trace Flags.Should fail correctly when the trace flag does not exist and there is no trace flag" time="0.019" asserts="0" success="True" result="Success" executed="True" />
                  <test-case description="Should Pass Correctly for more than one trace flag when they all exist" name="Checking Instance.Tests.ps1 checks.Checking Trace Flags.Should Pass Correctly for more than one trace flag when they all exist" time="0.0364" asserts="0" success="True" result="Success" executed="True" />
                  <test-case description="Should Pass Correctly for more than one trace flag when they exist but there are extra trace flags" name="Checking Instance.Tests.ps1 checks.Checking Trace Flags.Should Pass Correctly for more than one trace flag when they exist but there are extra trace flags" time="0.0246" asserts="0" success="True" result="Success" executed="True" />
                  <test-case description="Should Fail Correctly when checking more than one trace flag when 1 is missing" name="Checking Instance.Tests.ps1 checks.Checking Trace Flags.Should Fail Correctly when checking more than one trace flag when 1 is missing" time="0.0519" asserts="0" success="True" result="Success" executed="True" />
                  <test-case description="Should Fail Correctly when checking more than one trace flag when 2 are missing" name="Checking Instance.Tests.ps1 checks.Checking Trace Flags.Should Fail Correctly when checking more than one trace flag when 2 are missing" time="0.052" asserts="0" success="True" result="Success" executed="True" />
                  <test-case description="Should pass correctly when no trace flag exists and none expected" name="Checking Instance.Tests.ps1 checks.Checking Trace Flags.Should pass correctly when no trace flag exists and none expected" time="0.0217" asserts="0" success="True" result="Success" executed="True" />
                  <test-case description="Should fail correctly when a trace flag exists and none expected" name="Checking Instance.Tests.ps1 checks.Checking Trace Flags.Should fail correctly when a trace flag exists and none expected" time="0.0251" asserts="0" success="True" result="Success" executed="True" />
                </results>
              </test-suite>
              <test-suite type="TestFixture" name="Checking Trace Flags Not Expected" executed="True" result="Success" success="True" time="0.1997" asserts="0" description="Checking Trace Flags Not Expected">
                <results>
                  <test-case description="Should pass correctly when the trace flag exists and it is not the one expected to be running" name="Checking Instance.Tests.ps1 checks.Checking Trace Flags Not Expected.Should pass correctly when the trace flag exists and it is not the one expected to be running" time="0.0599" asserts="0" success="True" result="Success" executed="True" />
                  <test-case description="Should pass correctly when no trace flag is running" name="Checking Instance.Tests.ps1 checks.Checking Trace Flags Not Expected.Should pass correctly when no trace flag is running" time="0.0147" asserts="0" success="True" result="Success" executed="True" />
                  <test-case description="Should fail correctly when the trace flag is running and is the only one" name="Checking Instance.Tests.ps1 checks.Checking Trace Flags Not Expected.Should fail correctly when the trace flag is running and is the only one" time="0.0185" asserts="0" success="True" result="Success" executed="True" />
                  <test-case description="Should fail correctly for one trace flag when the trace flag is running but there is another one running as well" name="Checking Instance.Tests.ps1 checks.Checking Trace Flags Not Expected.Should fail correctly for one trace flag when the trace flag is running but there is another one running as well" time="0.0191" asserts="0" success="True" result="Success" executed="True" />
                  <test-case description="Should Pass Correctly for more than one trace flag when no trace flag is set" name="Checking Instance.Tests.ps1 checks.Checking Trace Flags Not Expected.Should Pass Correctly for more than one trace flag when no trace flag is set" time="0.0271" asserts="0" success="True" result="Success" executed="True" />
                  <test-case description="Should Pass Correctly for more than one trace flag when a different one is running" name="Checking Instance.Tests.ps1 checks.Checking Trace Flags Not Expected.Should Pass Correctly for more than one trace flag when a different one is running" time="0.0193" asserts="0" success="True" result="Success" executed="True" />
                  <test-case description="Should Fail Correctly for more than one trace flag when one is running" name="Checking Instance.Tests.ps1 checks.Checking Trace Flags Not Expected.Should Fail Correctly for more than one trace flag when one is running" time="0.0412" asserts="0" success="True" result="Success" executed="True" />
                </results>
              </test-suite>
              <test-suite type="TestFixture" name="Checking CLR Enabled" executed="True" result="Success" success="True" time="0.1876" asserts="0" description="Checking CLR Enabled">
                <results>
                  <test-suite type="ParameterizedTest" name="Checking Instance.Tests.ps1 checks.Checking CLR Enabled.Fails Check Correctly for Config &lt;spconfig&gt; and expected value &lt;expected&gt;" executed="True" result="Success" success="True" time="0.1466" asserts="0" description="Fails Check Correctly for Config &lt;spconfig&gt; and expected value &lt;expected&gt;">
                    <results>
                      <test-case description="Fails Check Correctly for Config 1 and expected value $false" name="Checking Instance.Tests.ps1 checks.Checking CLR Enabled.Fails Check Correctly for Config 1 and expected value $false" time="0.1243" asserts="0" success="True" result="Success" executed="True" />
                      <test-case description="Fails Check Correctly for Config 0 and expected value $true" name="Checking Instance.Tests.ps1 checks.Checking CLR Enabled.Fails Check Correctly for Config 0 and expected value $true" time="0.0223" asserts="0" success="True" result="Success" executed="True" />
                    </results>
                  </test-suite>
                  <test-suite type="ParameterizedTest" name="Checking Instance.Tests.ps1 checks.Checking CLR Enabled.Passes Check Correctly for Config &lt;spconfig&gt; and expected value &lt;expected&gt;" executed="True" result="Success" success="True" time="0.0284" asserts="0" description="Passes Check Correctly for Config &lt;spconfig&gt; and expected value &lt;expected&gt;">
                    <results>
                      <test-case description="Passes Check Correctly for Config 0 and expected value $false" name="Checking Instance.Tests.ps1 checks.Checking CLR Enabled.Passes Check Correctly for Config 0 and expected value $false" time="0.0152" asserts="0" success="True" result="Success" executed="True" />
                      <test-case description="Passes Check Correctly for Config 1 and expected value $true" name="Checking Instance.Tests.ps1 checks.Checking CLR Enabled.Passes Check Correctly for Config 1 and expected value $true" time="0.0133" asserts="0" success="True" result="Success" executed="True" />
                    </results>
                  </test-suite>
                  <test-case description="Should call the mocks" name="Checking Instance.Tests.ps1 checks.Checking CLR Enabled.Should call the mocks" time="0.0126" asserts="0" success="True" result="Success" executed="True" />
                </results>
              </test-suite>
              <test-suite type="TestFixture" name="Checking Cross DB Ownership Chaining" executed="True" result="Success" success="True" time="0.1821" asserts="0" description="Checking Cross DB Ownership Chaining">
                <results>
                  <test-suite type="ParameterizedTest" name="Checking Instance.Tests.ps1 checks.Checking Cross DB Ownership Chaining.Fails Check Correctly for Config &lt;spconfig&gt; and expected value &lt;expected&gt;" executed="True" result="Success" success="True" time="0.078" asserts="0" description="Fails Check Correctly for Config &lt;spconfig&gt; and expected value &lt;expected&gt;">
                    <results>
                      <test-case description="Fails Check Correctly for Config 1 and expected value $false" name="Checking Instance.Tests.ps1 checks.Checking Cross DB Ownership Chaining.Fails Check Correctly for Config 1 and expected value $false" time="0.0521" asserts="0" success="True" result="Success" executed="True" />
                      <test-case description="Fails Check Correctly for Config 0 and expected value $true" name="Checking Instance.Tests.ps1 checks.Checking Cross DB Ownership Chaining.Fails Check Correctly for Config 0 and expected value $true" time="0.0259" asserts="0" success="True" result="Success" executed="True" />
                    </results>
                  </test-suite>
                  <test-suite type="ParameterizedTest" name="Checking Instance.Tests.ps1 checks.Checking Cross DB Ownership Chaining.Passes Check Correctly for Config &lt;spconfig&gt; and expected value &lt;expected&gt;" executed="True" result="Success" success="True" time="0.0934" asserts="0" description="Passes Check Correctly for Config &lt;spconfig&gt; and expected value &lt;expected&gt;">
                    <results>
                      <test-case description="Passes Check Correctly for Config 0 and expected value $false" name="Checking Instance.Tests.ps1 checks.Checking Cross DB Ownership Chaining.Passes Check Correctly for Config 0 and expected value $false" time="0.0789" asserts="0" success="True" result="Success" executed="True" />
                      <test-case description="Passes Check Correctly for Config 1 and expected value $true" name="Checking Instance.Tests.ps1 checks.Checking Cross DB Ownership Chaining.Passes Check Correctly for Config 1 and expected value $true" time="0.0145" asserts="0" success="True" result="Success" executed="True" />
                    </results>
                  </test-suite>
                  <test-case description="Should call the mocks" name="Checking Instance.Tests.ps1 checks.Checking Cross DB Ownership Chaining.Should call the mocks" time="0.0108" asserts="0" success="True" result="Success" executed="True" />
                </results>
              </test-suite>
              <test-suite type="TestFixture" name="Checking AdHoc Distributed Queries Enabled" executed="True" result="Success" success="True" time="0.1284" asserts="0" description="Checking AdHoc Distributed Queries Enabled">
                <results>
                  <test-suite type="ParameterizedTest" name="Checking Instance.Tests.ps1 checks.Checking AdHoc Distributed Queries Enabled.Fails Check Correctly for Config &lt;spconfig&gt; and expected value &lt;expected&gt;" executed="True" result="Success" success="True" time="0.0775" asserts="0" description="Fails Check Correctly for Config &lt;spconfig&gt; and expected value &lt;expected&gt;">
                    <results>
                      <test-case description="Fails Check Correctly for Config 1 and expected value $false" name="Checking Instance.Tests.ps1 checks.Checking AdHoc Distributed Queries Enabled.Fails Check Correctly for Config 1 and expected value $false" time="0.0581" asserts="0" success="True" result="Success" executed="True" />
                      <test-case description="Fails Check Correctly for Config 0 and expected value $true" name="Checking Instance.Tests.ps1 checks.Checking AdHoc Distributed Queries Enabled.Fails Check Correctly for Config 0 and expected value $true" time="0.0194" asserts="0" success="True" result="Success" executed="True" />
                    </results>
                  </test-suite>
                  <test-suite type="ParameterizedTest" name="Checking Instance.Tests.ps1 checks.Checking AdHoc Distributed Queries Enabled.Passes Check Correctly for Config &lt;spconfig&gt; and expected value &lt;expected&gt;" executed="True" result="Success" success="True" time="0.0386" asserts="0" description="Passes Check Correctly for Config &lt;spconfig&gt; and expected value &lt;expected&gt;">
                    <results>
                      <test-case description="Passes Check Correctly for Config 0 and expected value $false" name="Checking Instance.Tests.ps1 checks.Checking AdHoc Distributed Queries Enabled.Passes Check Correctly for Config 0 and expected value $false" time="0.02" asserts="0" success="True" result="Success" executed="True" />
                      <test-case description="Passes Check Correctly for Config 1 and expected value $true" name="Checking Instance.Tests.ps1 checks.Checking AdHoc Distributed Queries Enabled.Passes Check Correctly for Config 1 and expected value $true" time="0.0186" asserts="0" success="True" result="Success" executed="True" />
                    </results>
                  </test-suite>
                  <test-case description="Should call the mocks" name="Checking Instance.Tests.ps1 checks.Checking AdHoc Distributed Queries Enabled.Should call the mocks" time="0.0123" asserts="0" success="True" result="Success" executed="True" />
                </results>
              </test-suite>
              <test-suite type="TestFixture" name="Checking XPCmdShell is disabled" executed="True" result="Success" success="True" time="0.1193" asserts="0" description="Checking XPCmdShell is disabled">
                <results>
                  <test-suite type="ParameterizedTest" name="Checking Instance.Tests.ps1 checks.Checking XPCmdShell is disabled.Fails Check Correctly for Config &lt;spconfig&gt; and expected value &lt;expected&gt;" executed="True" result="Success" success="True" time="0.0782" asserts="0" description="Fails Check Correctly for Config &lt;spconfig&gt; and expected value &lt;expected&gt;">
                    <results>
                      <test-case description="Fails Check Correctly for Config 1 and expected value $true" name="Checking Instance.Tests.ps1 checks.Checking XPCmdShell is disabled.Fails Check Correctly for Config 1 and expected value $true" time="0.0589" asserts="0" success="True" result="Success" executed="True" />
                      <test-case description="Fails Check Correctly for Config 0 and expected value $false" name="Checking Instance.Tests.ps1 checks.Checking XPCmdShell is disabled.Fails Check Correctly for Config 0 and expected value $false" time="0.0194" asserts="0" success="True" result="Success" executed="True" />
                    </results>
                  </test-suite>
                  <test-suite type="ParameterizedTest" name="Checking Instance.Tests.ps1 checks.Checking XPCmdShell is disabled.Passes Check Correctly for Config &lt;spconfig&gt; and expected value &lt;expected&gt;" executed="True" result="Success" success="True" time="0.03" asserts="0" description="Passes Check Correctly for Config &lt;spconfig&gt; and expected value &lt;expected&gt;">
                    <results>
                      <test-case description="Passes Check Correctly for Config 1 and expected value $false" name="Checking Instance.Tests.ps1 checks.Checking XPCmdShell is disabled.Passes Check Correctly for Config 1 and expected value $false" time="0.0158" asserts="0" success="True" result="Success" executed="True" />
                      <test-case description="Passes Check Correctly for Config 0 and expected value $true" name="Checking Instance.Tests.ps1 checks.Checking XPCmdShell is disabled.Passes Check Correctly for Config 0 and expected value $true" time="0.0142" asserts="0" success="True" result="Success" executed="True" />
                    </results>
                  </test-suite>
                  <test-case description="Should call the mocks" name="Checking Instance.Tests.ps1 checks.Checking XPCmdShell is disabled.Should call the mocks" time="0.011" asserts="0" success="True" result="Success" executed="True" />
                </results>
              </test-suite>
            </results>
          </test-suite>
        </results>
      </test-suite>
      <test-suite type="TestFixture" name="D:\a\1\s\tests\checks\ServerChecks.Tests.ps1" executed="True" result="Success" success="True" time="2.2783" asserts="0" description="D:\a\1\s\tests\checks\ServerChecks.Tests.ps1">
        <results>
          <test-suite type="TestFixture" name="Checking ServerChecks.Tests" executed="True" result="Success" success="True" time="2.2783" asserts="0" description="Checking ServerChecks.Tests">
            <results>
              <test-suite type="TestFixture" name="Testing Assert-CPUPrioritisation" executed="True" result="Success" success="True" time="0.1321" asserts="0" description="Testing Assert-CPUPrioritisation">
                <results>
                  <test-case description="Should Pass When value set correctly" name="Checking ServerChecks.Tests.Testing Assert-CPUPrioritisation.Should Pass When value set correctly" time="0.1126" asserts="0" success="True" result="Success" executed="True" />
                  <test-case description="Should fail When value set incorrectly" name="Checking ServerChecks.Tests.Testing Assert-CPUPrioritisation.Should fail When value set incorrectly" time="0.0195" asserts="0" success="True" result="Success" executed="True" />
                </results>
              </test-suite>
              <test-suite type="TestFixture" name="Testing Assert-DiskAllocationUnit" executed="True" result="Success" success="True" time="0.0855" asserts="0" description="Testing Assert-DiskAllocationUnit">
                <results>
                  <test-case description="Should pass when all SQLDisks are formatted with the 65536b (64kb) block allocation unit size" name="Checking ServerChecks.Tests.Testing Assert-DiskAllocationUnit.Should pass when all SQLDisks are formatted with the 65536b (64kb) block allocation unit size" time="0.0681" asserts="0" success="True" result="Success" executed="True" />
                  <test-case description="Should fail when any SQLDisks is formatted with a block allocation unit size that isn't 65536b (64KB)" name="Checking ServerChecks.Tests.Testing Assert-DiskAllocationUnit.Should fail when any SQLDisks is formatted with a block allocation unit size that isn't 65536b (64KB)" time="0.0174" asserts="0" success="True" result="Success" executed="True" />
                </results>
              </test-suite>
              <test-suite type="TestFixture" name="Testing Get-AllServerInfo for Tags Server with a server that exists" executed="True" result="Success" success="True" time="0.4949" asserts="0" description="Testing Get-AllServerInfo for Tags Server with a server that exists">
                <results>
                  <test-case description="Should get the right results for PingComputer" name="Checking ServerChecks.Tests.Testing Get-AllServerInfo for Tags Server with a server that exists.Should get the right results for PingComputer" time="0.4179" asserts="0" success="True" result="Success" executed="True" />
                  <test-case description="Should get the right results for DiskAllocationUnit" name="Checking ServerChecks.Tests.Testing Get-AllServerInfo for Tags Server with a server that exists.Should get the right results for DiskAllocationUnit" time="0.0216" asserts="0" success="True" result="Success" executed="True" />
                  <test-case description="Should get the right results for PowerPlan" name="Checking ServerChecks.Tests.Testing Get-AllServerInfo for Tags Server with a server that exists.Should get the right results for PowerPlan" time="0.0093" asserts="0" success="True" result="Success" executed="True" />
                  <test-case description="Should get the right results for SPN" name="Checking ServerChecks.Tests.Testing Get-AllServerInfo for Tags Server with a server that exists.Should get the right results for SPN" time="0.0229" asserts="0" success="True" result="Success" executed="True" />
                  <test-case description="Should get the right results for DiskCapacity" name="Checking ServerChecks.Tests.Testing Get-AllServerInfo for Tags Server with a server that exists.Should get the right results for DiskCapacity" time="0.0232" asserts="0" success="True" result="Success" executed="True" />
                </results>
              </test-suite>
              <test-suite type="TestFixture" name="Testing Get-AllServerInfo for Tags Server with a server that doesn't exist" executed="True" result="Success" success="True" time="0.1522" asserts="0" description="Testing Get-AllServerInfo for Tags Server with a server that doesn't exist">
                <results>
                  <test-case description="Should get the right results for PingComputer" name="Checking ServerChecks.Tests.Testing Get-AllServerInfo for Tags Server with a server that doesn't exist.Should get the right results for PingComputer" time="0.098" asserts="0" success="True" result="Success" executed="True" />
                  <test-case description="Should get the right results for DiskAllocationUnit" name="Checking ServerChecks.Tests.Testing Get-AllServerInfo for Tags Server with a server that doesn't exist.Should get the right results for DiskAllocationUnit" time="0.0196" asserts="0" success="True" result="Success" executed="True" />
                  <test-case description="Should get the right results for PowerPlan" name="Checking ServerChecks.Tests.Testing Get-AllServerInfo for Tags Server with a server that doesn't exist.Should get the right results for PowerPlan" time="0.008" asserts="0" success="True" result="Success" executed="True" />
                  <test-case description="Should get the right results for SPN" name="Checking ServerChecks.Tests.Testing Get-AllServerInfo for Tags Server with a server that doesn't exist.Should get the right results for SPN" time="0.0128" asserts="0" success="True" result="Success" executed="True" />
                  <test-case description="Should get the right results for DiskCapacity" name="Checking ServerChecks.Tests.Testing Get-AllServerInfo for Tags Server with a server that doesn't exist.Should get the right results for DiskCapacity" time="0.0137" asserts="0" success="True" result="Success" executed="True" />
                </results>
              </test-suite>
              <test-suite type="TestFixture" name="Testing Get-AllServerInfo for Tags PowerPlan with a server that exists" executed="True" result="Success" success="True" time="0.1611" asserts="0" description="Testing Get-AllServerInfo for Tags PowerPlan with a server that exists">
                <results>
                  <test-case description="Should have no results for PingComputer" name="Checking ServerChecks.Tests.Testing Get-AllServerInfo for Tags PowerPlan with a server that exists.Should have no results for PingComputer" time="0.1074" asserts="0" success="True" result="Success" executed="True" />
                  <test-case description="Should have no results for DiskAllocationUnit" name="Checking ServerChecks.Tests.Testing Get-AllServerInfo for Tags PowerPlan with a server that exists.Should have no results for DiskAllocationUnit" time="0.0299" asserts="0" success="True" result="Success" executed="True" />
                  <test-case description="Should get the right results for PowerPlan" name="Checking ServerChecks.Tests.Testing Get-AllServerInfo for Tags PowerPlan with a server that exists.Should get the right results for PowerPlan" time="0.0068" asserts="0" success="True" result="Success" executed="True" />
                  <test-case description="Should have no results for SPN" name="Checking ServerChecks.Tests.Testing Get-AllServerInfo for Tags PowerPlan with a server that exists.Should have no results for SPN" time="0.0085" asserts="0" success="True" result="Success" executed="True" />
                  <test-case description="Should have no results for DiskCapacity" name="Checking ServerChecks.Tests.Testing Get-AllServerInfo for Tags PowerPlan with a server that exists.Should have no results for DiskCapacity" time="0.0085" asserts="0" success="True" result="Success" executed="True" />
                </results>
              </test-suite>
              <test-suite type="TestFixture" name="Testing Get-AllServerInfo for Tags PowerPlan with a server that doesn't exist" executed="True" result="Success" success="True" time="0.094" asserts="0" description="Testing Get-AllServerInfo for Tags PowerPlan with a server that doesn't exist">
                <results>
                  <test-case description="Should have no results for PingComputer" name="Checking ServerChecks.Tests.Testing Get-AllServerInfo for Tags PowerPlan with a server that doesn't exist.Should have no results for PingComputer" time="0.0636" asserts="0" success="True" result="Success" executed="True" />
                  <test-case description="Should have no results for DiskAllocationUnit" name="Checking ServerChecks.Tests.Testing Get-AllServerInfo for Tags PowerPlan with a server that doesn't exist.Should have no results for DiskAllocationUnit" time="0.007" asserts="0" success="True" result="Success" executed="True" />
                  <test-case description="Should get the right results for PowerPlan" name="Checking ServerChecks.Tests.Testing Get-AllServerInfo for Tags PowerPlan with a server that doesn't exist.Should get the right results for PowerPlan" time="0.0073" asserts="0" success="True" result="Success" executed="True" />
                  <test-case description="Should have no results for SPN" name="Checking ServerChecks.Tests.Testing Get-AllServerInfo for Tags PowerPlan with a server that doesn't exist.Should have no results for SPN" time="0.0069" asserts="0" success="True" result="Success" executed="True" />
                  <test-case description="Should have no results for DiskCapacity" name="Checking ServerChecks.Tests.Testing Get-AllServerInfo for Tags PowerPlan with a server that doesn't exist.Should have no results for DiskCapacity" time="0.0092" asserts="0" success="True" result="Success" executed="True" />
                </results>
              </test-suite>
              <test-suite type="TestFixture" name="Testing Get-AllServerInfo for Tags PingComputer with a server that exists" executed="True" result="Success" success="True" time="0.1176" asserts="0" description="Testing Get-AllServerInfo for Tags PingComputer with a server that exists">
                <results>
                  <test-case description="Should have the right  results for PingComputer" name="Checking ServerChecks.Tests.Testing Get-AllServerInfo for Tags PingComputer with a server that exists.Should have the right  results for PingComputer" time="0.082" asserts="0" success="True" result="Success" executed="True" />
                  <test-case description="Should have no results for DiskAllocationUnit" name="Checking ServerChecks.Tests.Testing Get-AllServerInfo for Tags PingComputer with a server that exists.Should have no results for DiskAllocationUnit" time="0.0087" asserts="0" success="True" result="Success" executed="True" />
                  <test-case description="Should have no results results for PowerPlan" name="Checking ServerChecks.Tests.Testing Get-AllServerInfo for Tags PingComputer with a server that exists.Should have no results results for PowerPlan" time="0.008" asserts="0" success="True" result="Success" executed="True" />
                  <test-case description="Should have no results for SPN" name="Checking ServerChecks.Tests.Testing Get-AllServerInfo for Tags PingComputer with a server that exists.Should have no results for SPN" time="0.0101" asserts="0" success="True" result="Success" executed="True" />
                  <test-case description="Should have no results for DiskCapacity" name="Checking ServerChecks.Tests.Testing Get-AllServerInfo for Tags PingComputer with a server that exists.Should have no results for DiskCapacity" time="0.0087" asserts="0" success="True" result="Success" executed="True" />
                </results>
              </test-suite>
              <test-suite type="TestFixture" name="Testing Get-AllServerInfo for Tags PingComputer with a server that doesn't exist" executed="True" result="Success" success="True" time="0.1029" asserts="0" description="Testing Get-AllServerInfo for Tags PingComputer with a server that doesn't exist">
                <results>
                  <test-case description="Should get the right results for PingComputer" name="Checking ServerChecks.Tests.Testing Get-AllServerInfo for Tags PingComputer with a server that doesn't exist.Should get the right results for PingComputer" time="0.071" asserts="0" success="True" result="Success" executed="True" />
                  <test-case description="Should have no results for DiskAllocationUnit" name="Checking ServerChecks.Tests.Testing Get-AllServerInfo for Tags PingComputer with a server that doesn't exist.Should have no results for DiskAllocationUnit" time="0.0084" asserts="0" success="True" result="Success" executed="True" />
                  <test-case description="Should have no results for PowerPlan" name="Checking ServerChecks.Tests.Testing Get-AllServerInfo for Tags PingComputer with a server that doesn't exist.Should have no results for PowerPlan" time="0.0082" asserts="0" success="True" result="Success" executed="True" />
                  <test-case description="Should have no results for SPN" name="Checking ServerChecks.Tests.Testing Get-AllServerInfo for Tags PingComputer with a server that doesn't exist.Should have no results for SPN" time="0.0075" asserts="0" success="True" result="Success" executed="True" />
                  <test-case description="Should have no results for DiskCapacity" name="Checking ServerChecks.Tests.Testing Get-AllServerInfo for Tags PingComputer with a server that doesn't exist.Should have no results for DiskCapacity" time="0.0078" asserts="0" success="True" result="Success" executed="True" />
                </results>
              </test-suite>
              <test-suite type="TestFixture" name="Testing Get-AllServerInfo for Tags DiskAllocationUnit with a server that exists" executed="True" result="Success" success="True" time="0.1163" asserts="0" description="Testing Get-AllServerInfo for Tags DiskAllocationUnit with a server that exists">
                <results>
                  <test-case description="Should have no results for PingComputer" name="Checking ServerChecks.Tests.Testing Get-AllServerInfo for Tags DiskAllocationUnit with a server that exists.Should have no results for PingComputer" time="0.0721" asserts="0" success="True" result="Success" executed="True" />
                  <test-case description="Should have the right results for DiskAllocationUnit" name="Checking ServerChecks.Tests.Testing Get-AllServerInfo for Tags DiskAllocationUnit with a server that exists.Should have the right results for DiskAllocationUnit" time="0.0189" asserts="0" success="True" result="Success" executed="True" />
                  <test-case description="Should have no results results for PowerPlan" name="Checking ServerChecks.Tests.Testing Get-AllServerInfo for Tags DiskAllocationUnit with a server that exists.Should have no results results for PowerPlan" time="0.0076" asserts="0" success="True" result="Success" executed="True" />
                  <test-case description="Should have no results for SPN" name="Checking ServerChecks.Tests.Testing Get-AllServerInfo for Tags DiskAllocationUnit with a server that exists.Should have no results for SPN" time="0.009" asserts="0" success="True" result="Success" executed="True" />
                  <test-case description="Should have no results for DiskCapacity" name="Checking ServerChecks.Tests.Testing Get-AllServerInfo for Tags DiskAllocationUnit with a server that exists.Should have no results for DiskCapacity" time="0.0087" asserts="0" success="True" result="Success" executed="True" />
                </results>
              </test-suite>
              <test-suite type="TestFixture" name="Testing Get-AllServerInfo for Tags DiskAllocationUnit with a server that doesn't exist" executed="True" result="Success" success="True" time="0.1094" asserts="0" description="Testing Get-AllServerInfo for Tags DiskAllocationUnit with a server that doesn't exist">
                <results>
                  <test-case description="Should have no results for PingComputer" name="Checking ServerChecks.Tests.Testing Get-AllServerInfo for Tags DiskAllocationUnit with a server that doesn't exist.Should have no results for PingComputer" time="0.0613" asserts="0" success="True" result="Success" executed="True" />
                  <test-case description="Should have the right results for DiskAllocationUnit" name="Checking ServerChecks.Tests.Testing Get-AllServerInfo for Tags DiskAllocationUnit with a server that doesn't exist.Should have the right results for DiskAllocationUnit" time="0.0215" asserts="0" success="True" result="Success" executed="True" />
                  <test-case description="Should have no results for PowerPlan" name="Checking ServerChecks.Tests.Testing Get-AllServerInfo for Tags DiskAllocationUnit with a server that doesn't exist.Should have no results for PowerPlan" time="0.0077" asserts="0" success="True" result="Success" executed="True" />
                  <test-case description="Should have no results for SPN" name="Checking ServerChecks.Tests.Testing Get-AllServerInfo for Tags DiskAllocationUnit with a server that doesn't exist.Should have no results for SPN" time="0.0074" asserts="0" success="True" result="Success" executed="True" />
                  <test-case description="Should have no results for DiskCapacity" name="Checking ServerChecks.Tests.Testing Get-AllServerInfo for Tags DiskAllocationUnit with a server that doesn't exist.Should have no results for DiskCapacity" time="0.0114" asserts="0" success="True" result="Success" executed="True" />
                </results>
              </test-suite>
              <test-suite type="TestFixture" name="Testing Get-AllServerInfo for Tags SPN with a server that exists" executed="True" result="Success" success="True" time="0.1069" asserts="0" description="Testing Get-AllServerInfo for Tags SPN with a server that exists">
                <results>
                  <test-case description="Should have no results for PingComputer" name="Checking ServerChecks.Tests.Testing Get-AllServerInfo for Tags SPN with a server that exists.Should have no results for PingComputer" time="0.0582" asserts="0" success="True" result="Success" executed="True" />
                  <test-case description="Should have no results for DiskAllocationUnit" name="Checking ServerChecks.Tests.Testing Get-AllServerInfo for Tags SPN with a server that exists.Should have no results for DiskAllocationUnit" time="0.01" asserts="0" success="True" result="Success" executed="True" />
                  <test-case description="Should have no results results for PowerPlan" name="Checking ServerChecks.Tests.Testing Get-AllServerInfo for Tags SPN with a server that exists.Should have no results results for PowerPlan" time="0.0083" asserts="0" success="True" result="Success" executed="True" />
                  <test-case description="Should have the right results for SPN" name="Checking ServerChecks.Tests.Testing Get-AllServerInfo for Tags SPN with a server that exists.Should have the right results for SPN" time="0.0213" asserts="0" success="True" result="Success" executed="True" />
                  <test-case description="Should have no results for DiskCapacity" name="Checking ServerChecks.Tests.Testing Get-AllServerInfo for Tags SPN with a server that exists.Should have no results for DiskCapacity" time="0.0091" asserts="0" success="True" result="Success" executed="True" />
                </results>
              </test-suite>
              <test-suite type="TestFixture" name="Testing Get-AllServerInfo for Tags SPN with a server that doesn't exist" executed="True" result="Success" success="True" time="0.0953" asserts="0" description="Testing Get-AllServerInfo for Tags SPN with a server that doesn't exist">
                <results>
                  <test-case description="Should have no results for PingComputer" name="Checking ServerChecks.Tests.Testing Get-AllServerInfo for Tags SPN with a server that doesn't exist.Should have no results for PingComputer" time="0.063" asserts="0" success="True" result="Success" executed="True" />
                  <test-case description="Should have no results for DiskAllocationUnit" name="Checking ServerChecks.Tests.Testing Get-AllServerInfo for Tags SPN with a server that doesn't exist.Should have no results for DiskAllocationUnit" time="0.0086" asserts="0" success="True" result="Success" executed="True" />
                  <test-case description="Should have no results for PowerPlan" name="Checking ServerChecks.Tests.Testing Get-AllServerInfo for Tags SPN with a server that doesn't exist.Should have no results for PowerPlan" time="0.0072" asserts="0" success="True" result="Success" executed="True" />
                  <test-case description="Should have the right results for SPN" name="Checking ServerChecks.Tests.Testing Get-AllServerInfo for Tags SPN with a server that doesn't exist.Should have the right results for SPN" time="0.0091" asserts="0" success="True" result="Success" executed="True" />
                  <test-case description="Should have no results for DiskCapacity" name="Checking ServerChecks.Tests.Testing Get-AllServerInfo for Tags SPN with a server that doesn't exist.Should have no results for DiskCapacity" time="0.0075" asserts="0" success="True" result="Success" executed="True" />
                </results>
              </test-suite>
              <test-suite type="TestFixture" name="Testing Get-AllServerInfo for Tags DiskCapacity with a server that exists" executed="True" result="Success" success="True" time="0.1629" asserts="0" description="Testing Get-AllServerInfo for Tags DiskCapacity with a server that exists">
                <results>
                  <test-case description="Should have no results for PingComputer" name="Checking ServerChecks.Tests.Testing Get-AllServerInfo for Tags DiskCapacity with a server that exists.Should have no results for PingComputer" time="0.1225" asserts="0" success="True" result="Success" executed="True" />
                  <test-case description="Should have no results for DiskAllocationUnit" name="Checking ServerChecks.Tests.Testing Get-AllServerInfo for Tags DiskCapacity with a server that exists.Should have no results for DiskAllocationUnit" time="0.009" asserts="0" success="True" result="Success" executed="True" />
                  <test-case description="Should have no results results for PowerPlan" name="Checking ServerChecks.Tests.Testing Get-AllServerInfo for Tags DiskCapacity with a server that exists.Should have no results results for PowerPlan" time="0.0068" asserts="0" success="True" result="Success" executed="True" />
                  <test-case description="Should have no results for SPN" name="Checking ServerChecks.Tests.Testing Get-AllServerInfo for Tags DiskCapacity with a server that exists.Should have no results for SPN" time="0.0078" asserts="0" success="True" result="Success" executed="True" />
                  <test-case description="Should have the right results for DiskCapacity" name="Checking ServerChecks.Tests.Testing Get-AllServerInfo for Tags DiskCapacity with a server that exists.Should have the right results for DiskCapacity" time="0.0169" asserts="0" success="True" result="Success" executed="True" />
                </results>
              </test-suite>
              <test-suite type="TestFixture" name="Testing Get-AllServerInfo for Tags DiskCapacity with a server that doesn't exist" executed="True" result="Success" success="True" time="0.1015" asserts="0" description="Testing Get-AllServerInfo for Tags DiskCapacity with a server that doesn't exist">
                <results>
                  <test-case description="Should have no results for PingComputer" name="Checking ServerChecks.Tests.Testing Get-AllServerInfo for Tags DiskCapacity with a server that doesn't exist.Should have no results for PingComputer" time="0.0674" asserts="0" success="True" result="Success" executed="True" />
                  <test-case description="Should have no results for DiskAllocationUnit" name="Checking ServerChecks.Tests.Testing Get-AllServerInfo for Tags DiskCapacity with a server that doesn't exist.Should have no results for DiskAllocationUnit" time="0.0074" asserts="0" success="True" result="Success" executed="True" />
                  <test-case description="Should have no results for PowerPlan" name="Checking ServerChecks.Tests.Testing Get-AllServerInfo for Tags DiskCapacity with a server that doesn't exist.Should have no results for PowerPlan" time="0.0077" asserts="0" success="True" result="Success" executed="True" />
                  <test-case description="Should have no results for SPN" name="Checking ServerChecks.Tests.Testing Get-AllServerInfo for Tags DiskCapacity with a server that doesn't exist.Should have no results for SPN" time="0.0081" asserts="0" success="True" result="Success" executed="True" />
                  <test-case description="Should have the right results for DiskCapacity" name="Checking ServerChecks.Tests.Testing Get-AllServerInfo for Tags DiskCapacity with a server that doesn't exist.Should have the right results for DiskCapacity" time="0.0108" asserts="0" success="True" result="Success" executed="True" />
                </results>
              </test-suite>
              <test-suite type="TestFixture" name="Testing Get-AllServerInfo for Tags DiskCapacity,SPN,DiskAllocationUnit with a server that exists" executed="True" result="Success" success="True" time="0.1425" asserts="0" description="Testing Get-AllServerInfo for Tags DiskCapacity,SPN,DiskAllocationUnit with a server that exists">
                <results>
                  <test-case description="Should have no results for PingComputer" name="Checking ServerChecks.Tests.Testing Get-AllServerInfo for Tags DiskCapacity,SPN,DiskAllocationUnit with a server that exists.Should have no results for PingComputer" time="0.1018" asserts="0" success="True" result="Success" executed="True" />
                  <test-case description="Should get the right results for DiskAllocationUnit" name="Checking ServerChecks.Tests.Testing Get-AllServerInfo for Tags DiskCapacity,SPN,DiskAllocationUnit with a server that exists.Should get the right results for DiskAllocationUnit" time="0.0105" asserts="0" success="True" result="Success" executed="True" />
                  <test-case description="Should have no results results for PowerPlan" name="Checking ServerChecks.Tests.Testing Get-AllServerInfo for Tags DiskCapacity,SPN,DiskAllocationUnit with a server that exists.Should have no results results for PowerPlan" time="0.0076" asserts="0" success="True" result="Success" executed="True" />
                  <test-case description="Should get the right results for SPN" name="Checking ServerChecks.Tests.Testing Get-AllServerInfo for Tags DiskCapacity,SPN,DiskAllocationUnit with a server that exists.Should get the right results for SPN" time="0.0113" asserts="0" success="True" result="Success" executed="True" />
                  <test-case description="Should have the right results for DiskCapacity" name="Checking ServerChecks.Tests.Testing Get-AllServerInfo for Tags DiskCapacity,SPN,DiskAllocationUnit with a server that exists.Should have the right results for DiskCapacity" time="0.0114" asserts="0" success="True" result="Success" executed="True" />
                </results>
              </test-suite>
              <test-suite type="TestFixture" name="Testing Get-AllServerInfo for Tags DiskCapacity,SPN,DiskAllocationUnit with a server that doesn't exist" executed="True" result="Success" success="True" time="0.1033" asserts="0" description="Testing Get-AllServerInfo for Tags DiskCapacity,SPN,DiskAllocationUnit with a server that doesn't exist">
                <results>
                  <test-case description="Should have no results for PingComputer" name="Checking ServerChecks.Tests.Testing Get-AllServerInfo for Tags DiskCapacity,SPN,DiskAllocationUnit with a server that doesn't exist.Should have no results for PingComputer" time="0.0582" asserts="0" success="True" result="Success" executed="True" />
                  <test-case description="Should get the right results for DiskAllocationUnit" name="Checking ServerChecks.Tests.Testing Get-AllServerInfo for Tags DiskCapacity,SPN,DiskAllocationUnit with a server that doesn't exist.Should get the right results for DiskAllocationUnit" time="0.0165" asserts="0" success="True" result="Success" executed="True" />
                  <test-case description="Should have no results for PowerPlan" name="Checking ServerChecks.Tests.Testing Get-AllServerInfo for Tags DiskCapacity,SPN,DiskAllocationUnit with a server that doesn't exist.Should have no results for PowerPlan" time="0.0074" asserts="0" success="True" result="Success" executed="True" />
                  <test-case description="Should get the right results for SPN" name="Checking ServerChecks.Tests.Testing Get-AllServerInfo for Tags DiskCapacity,SPN,DiskAllocationUnit with a server that doesn't exist.Should get the right results for SPN" time="0.0099" asserts="0" success="True" result="Success" executed="True" />
                  <test-case description="Should have the right results for DiskCapacity" name="Checking ServerChecks.Tests.Testing Get-AllServerInfo for Tags DiskCapacity,SPN,DiskAllocationUnit with a server that doesn't exist.Should have the right results for DiskCapacity" time="0.0113" asserts="0" success="True" result="Success" executed="True" />
                </results>
              </test-suite>
            </results>
          </test-suite>
        </results>
      </test-suite>
      <test-suite type="TestFixture" name="D:\a\1\s\tests\functions\Export-DbcConfig.Tests.ps1" executed="True" result="Success" success="True" time="0" asserts="0" description="D:\a\1\s\tests\functions\Export-DbcConfig.Tests.ps1">
        <results />
      </test-suite>
      <test-suite type="TestFixture" name="D:\a\1\s\tests\functions\Get-CheckFile.Tests.ps1" executed="True" result="Success" success="True" time="0.99" asserts="0" description="D:\a\1\s\tests\functions\Get-CheckFile.Tests.ps1">
        <results>
          <test-suite type="TestFixture" name="Testing Get-CheckFile function" executed="True" result="Success" success="True" time="0.99" asserts="0" description="Testing Get-CheckFile function">
            <results>
              <test-suite type="TestFixture" name="Testing with files matching by name" executed="True" result="Success" success="True" time="0.3059" asserts="0" description="Testing with files matching by name">
                <results>
                  <test-suite type="ParameterizedTest" name="Testing Get-CheckFile function.Testing with files matching by name.&lt;MatchingFile&gt; is found when Check is &lt;CheckValue&gt;" executed="True" result="Success" success="True" time="0.2794" asserts="0" description="&lt;MatchingFile&gt; is found when Check is &lt;CheckValue&gt;">
                    <results>
                      <test-case description="C:\Checks\One.Tests.ps1 is found when Check is One" name="Testing Get-CheckFile function.Testing with files matching by name.C:\Checks\One.Tests.ps1 is found when Check is One" time="0.2185" asserts="0" success="True" result="Success" executed="True" />
                      <test-case description="C:\Checks\Two.Tests.ps1 is found when Check is Two" name="Testing Get-CheckFile function.Testing with files matching by name.C:\Checks\Two.Tests.ps1 is found when Check is Two" time="0.0317" asserts="0" success="True" result="Success" executed="True" />
                      <test-case description="C:\Checks\Three.Tests.ps1 is found when Check is Three" name="Testing Get-CheckFile function.Testing with files matching by name.C:\Checks\Three.Tests.ps1 is found when Check is Three" time="0.0292" asserts="0" success="True" result="Success" executed="True" />
                    </results>
                  </test-suite>
                  <test-case description="When two files match, both should be returned" name="Testing Get-CheckFile function.Testing with files matching by name.When two files match, both should be returned" time="0.0265" asserts="0" success="True" result="Success" executed="True" />
                </results>
              </test-suite>
              <test-suite type="TestFixture" name="Testing with files matching by tag" executed="True" result="Success" success="True" time="0.3329" asserts="0" description="Testing with files matching by tag">
                <results>
                  <test-suite type="ParameterizedTest" name="Testing Get-CheckFile function.Testing with files matching by tag.&lt;MatchingFile&gt; is found when Check is &lt;CheckValue&gt;" executed="True" result="Success" success="True" time="0.2684" asserts="0" description="&lt;MatchingFile&gt; is found when Check is &lt;CheckValue&gt;">
                    <results>
[...]
              <test-case description="Config Value policy.security.DatabaseMailEnabled Should exist in Get-DbcConfig" name="Each Config referenced in a check should exist.Config Value policy.security.DatabaseMailEnabled Should exist in Get-DbcConfig" time="0.0071" asserts="0" success="True" result="Success" executed="True" />
              <test-case description="Config Value policy.security.XpCmdShellDisabled Should exist in Get-DbcConfig" name="Each Config referenced in a check should exist.Config Value policy.security.XpCmdShellDisabled Should exist in Get-DbcConfig" time="0.0073" asserts="0" success="True" result="Success" executed="True" />
              <test-case description="Config Value policy.server.cpuprioritisation Should exist in Get-DbcConfig" name="Each Config referenced in a check should exist.Config Value policy.server.cpuprioritisation Should exist in Get-DbcConfig" time="0.0071" asserts="0" success="True" result="Success" executed="True" />
              <test-case description="Config Value policy.storage.backuppath Should exist in Get-DbcConfig" name="Each Config referenced in a check should exist.Config Value policy.storage.backuppath Should exist in Get-DbcConfig" time="0.0071" asserts="0" success="True" result="Success" executed="True" />
              <test-case description="Config Value policy.traceflags.expected Should exist in Get-DbcConfig" name="Each Config referenced in a check should exist.Config Value policy.traceflags.expected Should exist in Get-DbcConfig" time="0.007" asserts="0" success="True" result="Success" executed="True" />
              <test-case description="Config Value policy.traceflags.notexpected Should exist in Get-DbcConfig" name="Each Config referenced in a check should exist.Config Value policy.traceflags.notexpected Should exist in Get-DbcConfig" time="0.0077" asserts="0" success="True" result="Success" executed="True" />
              <test-case description="Config Value policy.twodigityearcutoff Should exist in Get-DbcConfig" name="Each Config referenced in a check should exist.Config Value policy.twodigityearcutoff Should exist in Get-DbcConfig" time="0.0074" asserts="0" success="True" result="Success" executed="True" />
              <test-case description="Config Value policy.validdbowner.excludedb Should exist in Get-DbcConfig" name="Each Config referenced in a check should exist.Config Value policy.validdbowner.excludedb Should exist in Get-DbcConfig" time="0.0073" asserts="0" success="True" result="Success" executed="True" />
              <test-case description="Config Value policy.validdbowner.name Should exist in Get-DbcConfig" name="Each Config referenced in a check should exist.Config Value policy.validdbowner.name Should exist in Get-DbcConfig" time="0.0122" asserts="0" success="True" result="Success" executed="True" />
              <test-case description="Config Value policy.whoisactive.database Should exist in Get-DbcConfig" name="Each Config referenced in a check should exist.Config Value policy.whoisactive.database Should exist in Get-DbcConfig" time="0.007" asserts="0" success="True" result="Success" executed="True" />
              <test-case description="Config Value policy.xevent.requiredrunningsession Should exist in Get-DbcConfig" name="Each Config referenced in a check should exist.Config Value policy.xevent.requiredrunningsession Should exist in Get-DbcConfig" time="0.0069" asserts="0" success="True" result="Success" executed="True" />
              <test-case description="Config Value policy.xevent.requiredstoppedsession Should exist in Get-DbcConfig" name="Each Config referenced in a check should exist.Config Value policy.xevent.requiredstoppedsession Should exist in Get-DbcConfig" time="0.0081" asserts="0" success="True" result="Success" executed="True" />
              <test-case description="Config Value policy.xevent.validrunningsession Should exist in Get-DbcConfig" name="Each Config referenced in a check should exist.Config Value policy.xevent.validrunningsession Should exist in Get-DbcConfig" time="0.0075" asserts="0" success="True" result="Success" executed="True" />
              <test-case description="Config Value skip.backup.readonly Should exist in Get-DbcConfig" name="Each Config referenced in a check should exist.Config Value skip.backup.readonly Should exist in Get-DbcConfig" time="0.0075" asserts="0" success="True" result="Success" executed="True" />
              <test-case description="Config Value skip.backup.testing Should exist in Get-DbcConfig" name="Each Config referenced in a check should exist.Config Value skip.backup.testing Should exist in Get-DbcConfig" time="0.0071" asserts="0" success="True" result="Success" executed="True" />
              <test-case description="Config Value skip.connection.ping Should exist in Get-DbcConfig" name="Each Config referenced in a check should exist.Config Value skip.connection.ping Should exist in Get-DbcConfig" time="0.0075" asserts="0" success="True" result="Success" executed="True" />
              <test-case description="Config Value skip.connection.remoting Should exist in Get-DbcConfig" name="Each Config referenced in a check should exist.Config Value skip.connection.remoting Should exist in Get-DbcConfig" time="0.0077" asserts="0" success="True" result="Success" executed="True" />
              <test-case description="Config Value skip.database.filegrowthdisabled Should exist in Get-DbcConfig" name="Each Config referenced in a check should exist.Config Value skip.database.filegrowthdisabled Should exist in Get-DbcConfig" time="0.0072" asserts="0" success="True" result="Success" executed="True" />
              <test-case description="Config Value skip.database.logfilecounttest Should exist in Get-DbcConfig" name="Each Config referenced in a check should exist.Config Value skip.database.logfilecounttest Should exist in Get-DbcConfig" time="0.0074" asserts="0" success="True" result="Success" executed="True" />
              <test-case description="Config Value skip.dbcc.datapuritycheck Should exist in Get-DbcConfig" name="Each Config referenced in a check should exist.Config Value skip.dbcc.datapuritycheck Should exist in Get-DbcConfig" time="0.0071" asserts="0" success="True" result="Success" executed="True" />
              <test-case description="Config Value skip.diffbackuptest Should exist in Get-DbcConfig" name="Each Config referenced in a check should exist.Config Value skip.diffbackuptest Should exist in Get-DbcConfig" time="0.0071" asserts="0" success="True" result="Success" executed="True" />
              <test-case description="Config Value skip.hadr.listener.pingcheck Should exist in Get-DbcConfig" name="Each Config referenced in a check should exist.Config Value skip.hadr.listener.pingcheck Should exist in Get-DbcConfig" time="0.007" asserts="0" success="True" result="Success" executed="True" />
              <test-case description="Config Value skip.instance.modeldbgrowth Should exist in Get-DbcConfig" name="Each Config referenced in a check should exist.Config Value skip.instance.modeldbgrowth Should exist in Get-DbcConfig" time="0.0074" asserts="0" success="True" result="Success" executed="True" />
              <test-case description="Config Value skip.TempDb1118 Should exist in Get-DbcConfig" name="Each Config referenced in a check should exist.Config Value skip.TempDb1118 Should exist in Get-DbcConfig" time="0.0067" asserts="0" success="True" result="Success" executed="True" />
              <test-case description="Config Value skip.tempdbfileCount Should exist in Get-DbcConfig" name="Each Config referenced in a check should exist.Config Value skip.tempdbfileCount Should exist in Get-DbcConfig" time="0.0114" asserts="0" success="True" result="Success" executed="True" />
              <test-case description="Config Value skip.TempDbFileGrowthPercent Should exist in Get-DbcConfig" name="Each Config referenced in a check should exist.Config Value skip.TempDbFileGrowthPercent Should exist in Get-DbcConfig" time="0.0092" asserts="0" success="True" result="Success" executed="True" />
              <test-case description="Config Value skip.TempDbFileSizeMax Should exist in Get-DbcConfig" name="Each Config referenced in a check should exist.Config Value skip.TempDbFileSizeMax Should exist in Get-DbcConfig" time="0.0076" asserts="0" success="True" result="Success" executed="True" />
              <test-case description="Config Value skip.TempDbFilesonC Should exist in Get-DbcConfig" name="Each Config referenced in a check should exist.Config Value skip.TempDbFilesonC Should exist in Get-DbcConfig" time="0.0075" asserts="0" success="True" result="Success" executed="True" />
            </results>
          </test-suite>
          <test-suite type="TestFixture" name="Database Tests Exclusions" executed="True" result="Success" success="True" time="0.4157" asserts="0" description="Database Tests Exclusions">
            <results>
              <test-case description="Database Collation should reference the gloabl exclude configuration" name="Database Tests Exclusions.Database Collation should reference the gloabl exclude configuration" time="0.1219" asserts="0" success="True" result="Success" executed="True" />
              <test-case description="Suspect Page should reference the gloabl exclude configuration" name="Database Tests Exclusions.Suspect Page should reference the gloabl exclude configuration" time="0.0077" asserts="0" success="True" result="Success" executed="True" />
              <test-case description="Last Backup Restore Test should reference the gloabl exclude configuration" name="Database Tests Exclusions.Last Backup Restore Test should reference the gloabl exclude configuration" time="0.0069" asserts="0" success="True" result="Success" executed="True" />
              <test-case description="Last Backup VerifyOnly should reference the gloabl exclude configuration" name="Database Tests Exclusions.Last Backup VerifyOnly should reference the gloabl exclude configuration" time="0.0078" asserts="0" success="True" result="Success" executed="True" />
              <test-case description="Valid Database Owner should reference the gloabl exclude configuration" name="Database Tests Exclusions.Valid Database Owner should reference the gloabl exclude configuration" time="0.0077" asserts="0" success="True" result="Success" executed="True" />
              <test-case description="Invalid Database Owner should reference the gloabl exclude configuration" name="Database Tests Exclusions.Invalid Database Owner should reference the gloabl exclude configuration" time="0.008" asserts="0" success="True" result="Success" executed="True" />
              <test-case description="Last Good DBCC CHECKDB should reference the gloabl exclude configuration" name="Database Tests Exclusions.Last Good DBCC CHECKDB should reference the gloabl exclude configuration" time="0.0075" asserts="0" success="True" result="Success" executed="True" />
              <test-case description="Column Identity Usage should reference the gloabl exclude configuration" name="Database Tests Exclusions.Column Identity Usage should reference the gloabl exclude configuration" time="0.0081" asserts="0" success="True" result="Success" executed="True" />
              <test-case description="Recovery Model should reference the gloabl exclude configuration" name="Database Tests Exclusions.Recovery Model should reference the gloabl exclude configuration" time="0.0077" asserts="0" success="True" result="Success" executed="True" />
              <test-case description="Duplicate Index should reference the gloabl exclude configuration" name="Database Tests Exclusions.Duplicate Index should reference the gloabl exclude configuration" time="0.0075" asserts="0" success="True" result="Success" executed="True" />
              <test-case description="Unused Index should reference the gloabl exclude configuration" name="Database Tests Exclusions.Unused Index should reference the gloabl exclude configuration" time="0.0073" asserts="0" success="True" result="Success" executed="True" />
              <test-case description="Disabled Index should reference the gloabl exclude configuration" name="Database Tests Exclusions.Disabled Index should reference the gloabl exclude configuration" time="0.007" asserts="0" success="True" result="Success" executed="True" />
              <test-case description="Database Growth Event should reference the gloabl exclude configuration" name="Database Tests Exclusions.Database Growth Event should reference the gloabl exclude configuration" time="0.0071" asserts="0" success="True" result="Success" executed="True" />
              <test-case description="Page Verify should reference the gloabl exclude configuration" name="Database Tests Exclusions.Page Verify should reference the gloabl exclude configuration" time="0.0071" asserts="0" success="True" result="Success" executed="True" />
              <test-case description="Auto Close should reference the gloabl exclude configuration" name="Database Tests Exclusions.Auto Close should reference the gloabl exclude configuration" time="0.0073" asserts="0" success="True" result="Success" executed="True" />
              <test-case description="Auto Shrink should reference the gloabl exclude configuration" name="Database Tests Exclusions.Auto Shrink should reference the gloabl exclude configuration" time="0.0091" asserts="0" success="True" result="Success" executed="True" />
              <test-case description="Last Full Backup Times should reference the gloabl exclude configuration" name="Database Tests Exclusions.Last Full Backup Times should reference the gloabl exclude configuration" time="0.0094" asserts="0" success="True" result="Success" executed="True" />
              <test-case description="Last Diff Backup Times should reference the gloabl exclude configuration" name="Database Tests Exclusions.Last Diff Backup Times should reference the gloabl exclude configuration" time="0.0091" asserts="0" success="True" result="Success" executed="True" />
              <test-case description="Last Log Backup Times should reference the gloabl exclude configuration" name="Database Tests Exclusions.Last Log Backup Times should reference the gloabl exclude configuration" time="0.0088" asserts="0" success="True" result="Success" executed="True" />
              <test-case description="Virtual Log Files should reference the gloabl exclude configuration" name="Database Tests Exclusions.Virtual Log Files should reference the gloabl exclude configuration" time="0.0093" asserts="0" success="True" result="Success" executed="True" />
              <test-case description="Log File Count Checks should reference the gloabl exclude configuration" name="Database Tests Exclusions.Log File Count Checks should reference the gloabl exclude configuration" time="0.0083" asserts="0" success="True" result="Success" executed="True" />
              <test-case description="Log File Size Checks should reference the gloabl exclude configuration" name="Database Tests Exclusions.Log File Size Checks should reference the gloabl exclude configuration" time="0.0084" asserts="0" success="True" result="Success" executed="True" />
              <test-case description="Future File Growth should reference the gloabl exclude configuration" name="Database Tests Exclusions.Future File Growth should reference the gloabl exclude configuration" time="0.0122" asserts="0" success="True" result="Success" executed="True" />
              <test-case description="Correctly sized Filegroup members should reference the gloabl exclude configuration" name="Database Tests Exclusions.Correctly sized Filegroup members should reference the gloabl exclude configuration" time="0.0072" asserts="0" success="True" result="Success" executed="True" />
              <test-case description="Certificate Expiration should reference the gloabl exclude configuration" name="Database Tests Exclusions.Certificate Expiration should reference the gloabl exclude configuration" time="0.0071" asserts="0" success="True" result="Success" executed="True" />
              <test-case description="Auto Create Statistics should reference the gloabl exclude configuration" name="Database Tests Exclusions.Auto Create Statistics should reference the gloabl exclude configuration" time="0.0072" asserts="0" success="True" result="Success" executed="True" />
              <test-case description="Auto Update Statistics should reference the gloabl exclude configuration" name="Database Tests Exclusions.Auto Update Statistics should reference the gloabl exclude configuration" time="0.0078" asserts="0" success="True" result="Success" executed="True" />
              <test-case description="Auto Update Statistics Asynchronously should reference the gloabl exclude configuration" name="Database Tests Exclusions.Auto Update Statistics Asynchronously should reference the gloabl exclude configuration" time="0.0081" asserts="0" success="True" result="Success" executed="True" />
              <test-case description="Datafile Auto Growth Configuration should reference the gloabl exclude configuration" name="Database Tests Exclusions.Datafile Auto Growth Configuration should reference the gloabl exclude configuration" time="0.0076" asserts="0" success="True" result="Success" executed="True" />
              <test-case description="Trustworthy Option should reference the gloabl exclude configuration" name="Database Tests Exclusions.Trustworthy Option should reference the gloabl exclude configuration" time="0.0077" asserts="0" success="True" result="Success" executed="True" />
              <test-case description="Database Orphaned User should reference the gloabl exclude configuration" name="Database Tests Exclusions.Database Orphaned User should reference the gloabl exclude configuration" time="0.0074" asserts="0" success="True" result="Success" executed="True" />
              <test-case description="PseudoSimple Recovery Model should reference the gloabl exclude configuration" name="Database Tests Exclusions.PseudoSimple Recovery Model should reference the gloabl exclude configuration" time="0.0103" asserts="0" success="True" result="Success" executed="True" />
              <test-case description="Compatibility Level should reference the gloabl exclude configuration" name="Database Tests Exclusions.Compatibility Level should reference the gloabl exclude configuration" time="0.0073" asserts="0" success="True" result="Success" executed="True" />
              <test-case description="Foreign keys and check constraints not trusted should reference the gloabl exclude configuration" name="Database Tests Exclusions.Foreign keys and check constraints not trusted should reference the gloabl exclude configuration" time="0.0124" asserts="0" success="True" result="Success" executed="True" />
              <test-case description="Database MaxDop should reference the gloabl exclude configuration" name="Database Tests Exclusions.Database MaxDop should reference the gloabl exclude configuration" time="0.0102" asserts="0" success="True" result="Success" executed="True" />
              <test-case description="Database Status should reference the gloabl exclude configuration" name="Database Tests Exclusions.Database Status should reference the gloabl exclude configuration" time="0.0073" asserts="0" success="True" result="Success" executed="True" />
              <test-case description="Database Exists should reference the gloabl exclude configuration" name="Database Tests Exclusions.Database Exists should reference the gloabl exclude configuration" time="0.0069" asserts="0" success="True" result="Success" executed="True" />
            </results>
          </test-suite>
        </results>
      </test-suite>
    </results>
  </test-suite>
</test-results>